[    0.000000] Initializing cgroup subsys cpuset
[    0.000000] Initializing cgroup subsys cpu
[    0.000000] Initializing cgroup subsys cpuacct
[    0.000000] Linux version 4.4.0-47-generic (buildd@lgw01-19) (gcc version 5.4.0 20160609 (Ubuntu 5.4.0-6ubuntu1~16.04.2) ) #68-Ubuntu SMP Wed Oct 26 19:39:59 UTC 2016 (Ubuntu 4.4.0-47.68-generic 4.4.24)
[    0.000000] KERNEL supported cpus:
[    0.000000]   Intel GenuineIntel
[    0.000000]   AMD AuthenticAMD
[    0.000000]   NSC Geode by NSC
[    0.000000]   Cyrix CyrixInstead
[    0.000000]   Centaur CentaurHauls
[    0.000000]   Transmeta GenuineTMx86
[    0.000000]   Transmeta TransmetaCPU
[    0.000000]   UMC UMC UMC UMC
[    0.000000] x86/fpu: Legacy x87 FPU detected.
[    0.000000] x86/fpu: Using 'lazy' FPU context switches.
[    0.000000] e820: BIOS-provided physical RAM map:
[    0.000000] BIOS-e820: [mem 0x0000000000000000-0x000000000009fbff] usable
[    0.000000] BIOS-e820: [mem 0x000000000009fc00-0x000000000009ffff] reserved
[    0.000000] BIOS-e820: [mem 0x00000000000f0000-0x00000000000fffff] reserved
[    0.000000] BIOS-e820: [mem 0x0000000000100000-0x000000003ffeffff] usable
[    0.000000] BIOS-e820: [mem 0x000000003fff0000-0x000000003fffffff] ACPI data
[    0.000000] BIOS-e820: [mem 0x00000000fffc0000-0x00000000ffffffff] reserved
[    0.000000] NX (Execute Disable) protection: active
[    0.000000] SMBIOS 2.5 present.
[    0.000000] e820: last_pfn = 0x3fff0 max_arch_pfn = 0x1000000
[    0.000000] MTRR: Disable
[   .0000] x6/AT: RRs sabl, skippig PAT intialzation t.
[  0.0000] x/PAT: onigurtin [0]: W  T  UC- UC  WB  WT  UC- UC  
[    0.000000] CPU MTRRs all blank - virtualized system.
[    0.000000] found SMP MP-table at [mem 0x0009fff0-0x0009ffff] mapped at [c009fff0]
[    0.000000] Scanning 1 areas for low memory corruption
[    0.000000] RAMDISK: [mem 0x36fc6000-0x377dafff]
[    0.000000] ACPI: Early table checksum verification disabled
[    0.000000] ACPI: RSDP 0x00000000000E0000 000024 (v02 VBOX  )
[    0.000000] ACPI: XSDT 0x000000003FFF0030 00003C (v01 VBOX   VBOXXSDT 00000001 ASL  00000061)
[    0.000000] ACPI: FACP 0x000000003FFF00F0 0000F4 (v04 VBOX   VBOXFACP 00000001 ASL  00000061)
[    0.000000] ACPI: DSDT 0x000000003FFF0470 001B96 (v01 VBOX   VBOXBIOS 00000002 INTL 20100528)
[    0.000000] ACPI: FACS 0x000000003FFF0200 000040
[    0.000000] ACPI: FACS 0x000000003FFF0200 000040
[    0.000000] ACPI: APIC 0x000000003FFF0240 00005C (v02 VBOX   VBOXAPIC 00000001 ASL  00000061)
[    0.000000] ACPI: SSDT 0x000000003FFF02A0 0001CC (v01 VBOX   VBOXCPUT 00000002 INTL 20100528)
[    0.000000] 131MB HIGHMEM available.
[    0.000000] 891MB LOWMEM available.
[    0.000000]   mapped low ram: 0 - 37bfe000
[    0.000000]   low ram: 0 - 37bfe000
[    0.000000] Zone ranges:
[    0.000000]   DMA      [mem 0x0000000000001000-0x0000000000ffffff]
[    0.000000]   Normal   [mem 0x0000000001000000-0x0000000037bfdfff]
[    0.000000]   HighMem  [mem 0x0000000037bfe000-0x000000003ffeffff]
[    0.000000] Movable zone start for each node
[    0.000000] Early memory node ranges
[    0.000000]   node   0: [mem 0x0000000000001000-0x000000000009efff]
[    0.000000]   node   0: [mem 0x0000000000100000-0x000000003ffeffff]
[    0.000000] Initmem setup node 0 [mem 0x0000000000001000-0x000000003ffeffff]
[    0.000000] Using APIC driver default
[    0.000000] ACPI: PM-Timer IO Port: 0x4008
[    0.000000] IOAPIC[0]: apic_id 2, version 17, address 0xfec00000, GSI 0-23
[    0.000000] ACPI: INT_SRC_OVR (bus 0 bus_irq 0 global_irq 2 dfl dfl)
[    0.000000] ACPI: INT_SRC_OVR (bus 0 bus_irq 9 global_irq 9 high level)
[    0.000000] Using ACPI (MADT) for SMP configuration information
[    0.000000] smpboot: Allowing 2 CPUs, 0 hotplug CPUs
[    0.000000] PM: Registered nosave memory: [mem 0x00000000-0x00000fff]
[    0.000000] PM: Registered nosave memory: [mem 0x0009f000-0x0009ffff]
[    0.000000] PM: Registered nosave memory: [mem 0x000a0000-0x000effff]
[    0.000000] PM: Registered nosave memory: [mem 0x000f0000-0x000fffff]
[    0.000000] e820: [mem 0x40000000-0xfffbffff] available for PCI devices
[    0.000000] Booting paravirtualized kernel on bare hardware
[    0.000000] clocksource: refined-jiffies: mask: 0xffffffff max_cycles: 0xffffffff, max_idle_ns: 7645519600211568 ns
[    0.000000] setup_percpu: NR_CPUS:8 nr_cpumask_bits:8 nr_cpu_ids:2 nr_node_ids:1
[    0.000000] PERCPU: Embedded 19 pages/cpu @f7bb1000 s47436 r0 d30388 u77824
[    0.000000] Built 1 zonelists in Zone order, mobility grouping on.  Total pages: 259800
[    0.000000] Kernel command line: BOOT_IMAGE=/boot/vmlinuz-4.4.0-47-generic root=LABEL=cloudimg-rootfs ro console=tty1 console=ttyS0
[    0.000000] PID hash table entries: 4096 (order: 2, 16384 bytes)
[    0.000000] Dentry cache hash table entries: 131072 (order: 7, 524288 bytes)
[    0.000000] Inode-cache hash table entries: 65536 (order: 6, 262144 bytes)
[    0.000000] Initializing CPU#0
[    0.000000] Initializing HighMem for node 0 (00037bfe:0003fff0)
[    0.000000] Initializing Movable for node 0 (00000000:00000000)
[    0.000000] Memory: 1014744K/1048120K available (7908K kernel code, 764K rwdata, 3140K rodata, 940K init, 800K bss, 33376K reserved, 0K cma-reserved, 135112K highmem)
[    0.000000] virtual kernel memory layout:
[    0.000000]     fixmap  : 0xfff15000 - 0xfffff000   ( 936 kB)
[    0.000000]     pkmap   : 0xffc00000 - 0xffe00000   (2048 kB)
[    0.000000]     vmalloc : 0xf83fe000 - 0xffbfe000   ( 120 MB)
[    0.000000]     lowmem  : 0xc0000000 - 0xf7bfe000   ( 891 MB)
[    0.000000]       .init : 0xc1b8d000 - 0xc1c78000   ( 940 kB)
[    0.000000]       .data : 0xc17b9583 - 0xc1b8b3c0   (3911 kB)
[    0.000000]       .text : 0xc1000000 - 0xc17b9583   (7909 kB)
[    0.000000] Checking if this processor honours the WP bit even in supervisor mode...Ok.
[    0.000000] SLUB: HWalign=64, Order=0-3, MinObjects=0, CPUs=2, Nodes=1
[    0.000000] Hierarchical RCU implementation.
[    0.000000] 	Build-time adjustment of leaf fanout to 32.
[    0.000000] 	RCU restricting CPUs from NR_CPUS=8 to nr_cpu_ids=2.
[    0.000000] RCU: Adjusting geometry for rcu_fanout_eaf=32, nr_cpu_ids=2
[    0.000000] NR_IRQS:2304 nr_irqs:440 16
[    0.000000] Console: colour VGA+ 80x25
[    0.000000] console [tty1] enabled
[    0.000000] console [ttyS0] enabled
[    0.000000] allocated 1048576 bytes of page_ext

[    0.000000] tsc: Fast TSC calibration using PIT
[    0.000000] tsc: Detected 2290.106 MHz processor
[    0.004024] Calibrating delay loop (skipped), value calculated using timer frequency.. 4580.21 BogoMIPS (lpj=9160424)
[    0.008006] pid_max: default: 32768 minimum: 301
[    0.009089] ACPI: Core revision 20150930
[    0.011020] ACPI: 2 ACPI AML tables successfully acquired and loaded
[    0.013177] Security Framework initialized
[    0.014212] Yama: becoming mindful.
[    0.015114] AppArmor: AppArmor initialized
[    0.016035] Mount-cache hash table entries: 2048 (order: 1, 8192 bytes)
[    0.017412] Mountpoint-cache hash table entries: 2048 (order: 1, 8192 bytes)
[    0.019202] Initializing cgroup subsys io
[    0.020009] Initializing cgroup subsys memory
[    0.021065] Initializing cgroup subsys devices
[    0.022137] Initializing cgroup subsys freezer
[    0.024007] Initializing cgroup subsys net_cls
[    0.025061] Initializing cgroup subsys perf_event
[    0.026184] Initializing cgroup subsys net_prio
[    0.027247] Initializing cgroup subsys hugetlb
[    0.028006] Initializing cgroup subsys pids
[    0.029182] CPU: Physical Processor ID: 0
[    0.030320] CPU: Processor Core ID: 0
[    0.032021] mce: CPU supports 0 MCE banks
[    0.033003] Last level iTLB entries: 4KB 512, 2MB 8, 4MB 8
[    0.034257] Last level dTLB entries: 4KB 512, 2MB 32, 4MB 32, 1GB 0
[    0.040997] Freeing SMP alternatives memory: 28K (c1c78000 - c1c7f000)
[    0.061196] ftrace: allocating 31334 entries in 62 pages
[    0.076078] smpboot: Max logical packages: 1
[    0.080007] smpboot: APIC(0) Converting physical 0 to logical package 0
[    0.084016] Enabling APIC mode:  Flat.  Using 1 I/O APICs
[    0.089710] ..TIMER: vector=0x30 apic1=0 pin1=2 apic2=-1 pin2=-1
[    0.136000] smpboot: CPU0: Intel(R) Core(TM) i5-2410M CPU @ 2.30GHz (family: 0x6, model: 0x2a, stepping: 0x7)
[    0.136000] Performance Events: unsupported p6 CPU model 42 no PMU driver, software events only.
[    0.138006] NMI watchdog: disabled (cpu0): hardware events not enabled
[    0.140012] NMI watchdog: Shutting down hard lockup detector on all cpus
[    0.141663] x86: Booting SMP configuration:
[    0.144003] .... node  #0, CPUs:      #1
[    0.008000] Initializing CPU#1
[    0.008000] mce: CPU supports 0 MCE banks
[    0.150236] TSC synchronization [CPU#0 -> CPU#1]:
[    0.151874] Measured 49742 cycles TSC warp between CPUs, turning off TSC clock.
[    0.152000] tsc: Marking TSC unstable due to check_tsc_sync_source failed
[    0.152050] x86: Booted up 1 node, 2 CPUs
[    0.156004] smpboot: Total of 2 processors activated (9160.42 BogoMIPS)
[    0.158126] devtmpfs: initialized
[    0.160254] evm: security.selinux
[    0.161063] evm: security.SMACK64
[    0.164003] evm: security.SMACK64EXEC
[    0.164846] evm: security.SMACK64TRANSMUTE
[    0.165747] evm: security.SMACK64MMAP
[    0.166588] evm: security.ima
[    0.167339] evm: security.capability
[    0.168188] clocksource: jiffies: mask: 0xffffffff max_cycles: 0xffffffff, max_idle_ns: 7645041785100000 ns
[    0.172469] pinctrl core: initialized pinctrl subsystem
[    0.216350] RTC time: 15:48:50, date: 12/10/16
[    0.216350] NET: Registered protocol family 16
[    0.228210] EISA bus registered
[    0.240004] cpuidle: using governor ladder
[    0.252042] cpuidle: using governor menu
[    0.256088] PCCT header not found.
[    0.258974] ACPI: bus type PCI registered
[    0.260005] acpiphp: ACPI Hot Plug PCI Controller Driver version: 0.5
[    0.353393] PCI : PCI BIOS area is rw and x. Use pci=nobios if you want it NX.
[    0.356020] PCI: PCI BIOS revision 2.10 entry at 0xfc070, last bus=0
[    0.357486] PCI: Using configuration type 1 for base access
[    0.372418] ACPI: Added _OSI(Module Device)
[    0.376108] ACPI: Added _OSI(Processor Device)
[    0.378722] ACPI: Added _OSI(3.0 _SCP Extensions)
[    0.380038] ACPI: Added _OSI(Processor Aggregator Device)
[    0.384554] ACPI: Executed 1 blocks of module-level executable AML code
[    0.389296] ACPI: Interpreter enabled
[    0.396017] ACPI: (supports S0 S5)
[    0.396891] ACPI: Using IOAPIC for interrupt routing
[    0.400202] PCI: Using host bridge windows from ACPI; if necessary, use "pci=nocrs" and report a bug
[    0.401160] ACPI: PCI Root Bridge [PCI0] (domain 0000 [bus 00-ff])
[    0.404000] acpi PNP0A03:00: _OSC: OS supports [ASPM ClockPM Segments MSI]
[    0.408008] acpi PNP0A03:00: _OSC failed (AE_NOT_FOUND); disabling ASPM
[    0.409581] acpi PNP0A03:00: fail to add MMCONFIG information, can't access extended PCI configuration space under this bridge.
[    0.412216] PCI host bridge to bus 0000:00
[    0.413242] pci_bus 0000:00: root bus resource [io  0x0000-0x0cf7 window]
[    0.414666] pci_bus 0000:00: root bus resource [io  0x0d00-0xffff window]
[    0.416005] pci_bus 0000:00: root bus resource [mem 0x000a0000-0x000bffff window]
[    0.417821] pci_bus 0000:00: root bus resource [mem 0x40000000-0xffdfffff window]
[    0.432379] pci_bus 0000:00: root bus resource [bus 00-ff]
[    0.436422] pci 0000:00:01.1: legacy IDE quirk: reg 0x10: [io  0x01f0-0x01f7]
[    0.439855] pci 0000:00:01.1: legacy IDE quirk: reg 0x14: [io  0x03f6]
[    0.444003] pci 0000:00:01.1: legacy IDE quirk: reg 0x18: [io  0x0170-0x0177]
[    0.445655] pci 0000:00:01.1: legacy IDE quirk: reg 0x1c: [io  0x0376]
[    0.510341] ACPI: PCI Interrupt Link [LNKA] (IRQs 5 9 10 11) *0, disabled.
[    0.578586] ACPI: PCI Interrupt Link [LNKB] (IRQs 5 9 10 *11)
[    0.580653] ACPI: PCI Interrupt Link [LNKC] (IRQs 5 9 *10 11)
[    0.583693] ACPI: PCI Interrupt Link [LNKD] (IRQs 5 *9 10 11)
[    0.589146] ACPI: Enabled 1 GPEs in block 00 to 07
[    0.590753] vgaarb: setting as boot device: PCI:0000:00:02.0
[    0.590753] vgaarb: device added: PCI:0000:00:02.0,decodes=io+mem,owns=io+mem,locks=none
[    0.592005] vgaarb: loaded
[    0.596003] vgaarb: bridge control possible 0000:00:02.0
[    0.597396] SCSI subsystem initialized
[    0.598345] ACPI: bus type USB registered
[    0.600036] usbcore: registered new interface driver usbfs
[    0.600036] usbcore: registered new interface driver hub
[    0.604004] usbcore: registered new device driver usb
[    0.604064] PCI: Using ACPI for IRQ routing
[    0.605144] NetLabel: Initializing
[    0.605777] NetLabel:  domain hash size = 128
[    0.606874] NetLabel:  protocols = UNLABELED CIPSOv4
[    0.608000] NetLabel:  unlabeled traffic allowed by default
[    0.612106] amd_nb: Cannot enumerate AMD northbridges
[    0.613520] clocksource: Switched to clocksource refined-jiffies
[    0.700011] AppArmor: AppArmor Filesystem Enabled
[    0.732110] pnp: PnP ACPI init
[    0.748974] pnp: PnP ACPI: found 4 devices
[    0.752022] PnPBIOS: Disabled by ACPI PNP
[    0.801549] clocksource: acpi_pm: mask: 0xffffff max_cycles: 0xffffff, max_idle_ns: 2085701024 ns
[    0.808112] clocksource: Switched to clocksource acpi_pm
[    0.809543] NET: Registered protocol family 2
[    0.810909] TCP established hash table entries: 8192 (order: 3, 32768 bytes)
[    0.812641] TCP bind hash table entries: 8192 (order: 4, 65536 bytes)
[    0.814667] TCP: Hash tables configured (established 8192 bind 8192)
[    0.816245] UDP hash table entries: 512 (order: 2, 16384 bytes)
[    0.817727] UDP-Lite hash table entries: 512 (order: 2, 16384 bytes)
[    0.819303] NET: Registered protocol family 1
[    0.820204] pci 0000:00:00.0: Limiting direct PCI/PCI transfers
[    0.822352] pci 0000:00:01.0: Activating ISA DMA hang workarounds
[    0.823994] Trying to unpack rootfs image as initramfs...
[    2.437309] Freeing initrd memory: 8276K (f6fc6000 - f77db000)
[    2.611239] RAPL PMU detected, API unit is 2^-32 Joules, 3 fixed counters 10737418240 ms ovfl timer
[    2.626792] hw unit of domain pp0-core 2^-0 Joules
[    2.629066] hw unit of domain package 2^-0 Joules
[    2.630049] hw unit of domain pp1-gpu 2^-0 Joules
[    2.631054] clocksource: tsc: mask: 0xffffffffffffffff max_cycles: 0x2102b29e408, max_idle_ns: 440795221616 ns
[    2.634032] platform rtc_cmos: registered platform RTC device (no PNP device found)
[    2.635718] Scanning for low memory corruption every 60 seconds
[    2.637342] futex hash table entries: 512 (order: 3, 32768 bytes)
[    2.638560] audit: initializing netlink subsys (disabled)
[    2.639655] audit: type=2000 audit(1481384931.635:1): initialized
[    2.641369] Initialise system trusted keyring
[    2.642917] HugeTLB registered 2 MB page size, pre-allocated 0 pages
[   2.652552] zbud: loaded
[    2.742222] VFS: Disk quotas dquot_6.6.0
[    2.745465] VFS: Dquot-cache hash table entries: 1024 (order 0, 4096 bytes)
[    2.749398] squashfs: version 4.0 (2009/01/31) Phillip Lougher
[    2.752493] fuse init (API version 7.23)
[    2.758546] Key type big_key registered
[    2.760374] Allocating IMA MOK and blacklist keyrings.
[    2.765639] Key type asymmetric registered
[    2.774112] Asymmetric key parser 'x509' registered
[    2.775336] bounce: pool size: 64 pages
[    2.776457] Block layer SCSI generic (bsg) driver version 0.4 loaded (major 249)
[    2.778546] io scheduler noop registered
[    2.779607] io scheduler deadline registered (default)
[    2.844820] io scheduler cfq registered
[    2.936397] pci_hotplug: PCI Hot Plug PCI Core version: 0.5
[    3.095088] pciehp: PCI Express Hot Plug Controller Driver version: 0.4
[    3.285986] ACPI: AC Adapter [AC] (on-line)
[    3.380768] input: Power Button as /devices/LNXSYSTM:00/LNXPWRBN:00/input/input0
[    3.382401] ACPI: Power Button [PWRF]
[    3.383300] input: Sleep Button as /devices/LNXSYSTM:00/LNXSLPBN:00/input/input1
[    3.385130] ACPI: Sleep Button [SLPF]
[    3.386427] GHES: HEST is not enabled!
[    3.387288] ACPI: Battery Slot [BAT0] (battery present)
[    3.394231] isapnp: Scanning for PnP cards...
[    3.396237] Serial: 8250/16550 driver, 32 ports, IRQ sharing enabled
[    3.418766] 00:03: ttyS0 at I/O 0x3f8 (irq = 4, base_baud = 115200) is a 16550A
[    3.460013] Linux agpgart interface v0.103
[    3.466444] brd: module loaded
[    3.472394] loop: module loaded
[    3.491898] scsi host0: ata_piix
[    3.507414] scsi host1: ata_piix
[    3.508275] ata1: PATA max UDMA/33 cmd 0x1f0 ctl 0x3f6 bmdma 0xd000 irq 14
[    3.509386] ata2: PATA max UDMA/33 cmd 0x170 ctl 0x376 bmdma 0xd008 irq 15
[    3.511053] libphy: Fixed MDIO Bus: probed
[    3.511995] tun: Universal TUN/TAP device driver, 1.6
[    3.513109] tun: (C) 1999-2004 Max Krasnyansky <maxk@qualcomm.com>
[    3.525142] PPP generic driver version 2.4.2
[    3.526183] ehci_hcd: USB 2.0 'Enhanced' Host Controller (EHCI) Driver
[    3.527448] ehci-pci: EHCI PCI platform driver
[    3.530093] ehci-platform: EHCI generic platform driver
[    3.531200] ohci_hcd: USB 1.1 'Open' Host Controller (OHCI) Driver
[    3.532461] ohci-pci: OHCI PCI platform driver
[    3.534488] ohci-platform: OHCI generic platform driver
[    3.535588] uhci_hcd: USB Universal Host Controller Interface driver
[    3.536974] i8042: PNP: PS/2 Controller [PNP0303:PS2K,PNP0f03:PS2M] at 0x60,0x64 irq 1,12
[    3.544932] serio: i8042 KBD port at 0x60,0x64 irq 1
[    3.551356] serio: i8042 AUX port at 0x60,0x64 irq 12
[    3.552747] mousedev: PS/2 mouse device common for all mice
[    3.554256] input: AT Translated Set 2 keyboard as /devices/platform/i8042/serio0/input/input2
[    3.556466] rtc_cmos rtc_cmos: rtc core: registered rtc_cmos as rtc0
[    3.558059] rtc_cmos rtc_cmos: alarms up to one day, 114 bytes nvram
[    3.568051] i2c /dev entries driver
[    3.568972] device-mapper: uevent: version 1.0.3
[    3.570079] device-mapper: ioctl: 4.34.0-ioctl (2015-10-28) initialised: dm-devel@redhat.com
[    3.571899] platform eisa.0: Probing EISA bus 0
[    3.572950] platform eisa.0: EISA: Cannot allocate resource for mainboard
[    3.574248] platform eisa.0: Cannot allocate resource for EISA slot 1
[    3.575502] platform eisa.0: Cannot allocate resource for EISA slot 2
[    3.576931] platform eisa.0: Cannot allocate resource for EISA slot 3
[    3.578472] platform eisa.0: Cannot allocate resource for EISA slot 4
[    3.580807] platform eisa.0: Cannot allocate resource for EISA slot 5
[    3.582045] platform eisa.0: Cannot allocate resource for EISA slot 6
[    3.583286] platform eisa.0: Cannot allocate resource for EISA slot 7
[    3.584575] platform eisa.0: Cannot allocate resource for EISA slot 8
[    3.586860] platform eisa.0: EISA: Detected 0 cards
[    3.587916] cpufreq-nforce2: No nForce2 chipset.
[    3.592100] ledtrig-cpu: registered to indicate activity on CPUs
[    3.607210] NET: Registered protocol family 10
[    3.620081] NET: Registered protocol family 17
[    3.623172] Key type dns_resolver registered
[    3.624543] microcode: CPU0 sig=0x206a7, pf=0x1, revision=0x0
[    3.631789] microcode: CPU1 sig=0x206a7, pf=0x1, revision=0x0
[    3.633357] microcode: Microcode Update Driver: v2.01 <tigran@aivazian.fsnet.co.uk>, Peter Oruba
[    3.635221] Using IPI No-Shortcut mode
[    3.636363] registered taskstats version 1
[    3.639728] Loading compiled-in X.509 certificates
[    3.645795] Loaded X.509 cert 'Build time autogenerated kernel key: b305dbeb121bc4f04f536b0eea5042498bb47c7e'
[    3.656339] zswap: loaded using pool lzo/zbud
[    3.659264] Key type trusted registered
[    3.686028] ata2.00: ATAPI: VBOX CD-ROM, 1.0, max UDMA/133
[    3.687804] ata2.00: configured for UDMA/33
[    3.694527] Key type encrypted registered
[    3.699852] AppArmor: AppArmor sha1 policy hashing enabled
[    3.701017] ima: No TPM chip found, activating TPM-bypass!
[    3.702148] evm: HMAC attrs: 0x1
[    3.703203]   Magic number: 12:167:841
[    3.704250] rtc_cmos rtc_cmos: setting system clock to 2016-12-10 15:48:54 UTC (1481384934)
[    3.707249] BIOS EDD facility v0.16 2004-Jun-25, 0 devices found
[    3.714967] EDD information not available.
[    3.827195] isapnp: No Plug & Play device found
[    3.834217] scsi 1:0:0:0: CD-ROM            VBOX     CD-ROM           1.0  PQ: 0 ANSI: 5
[    3.880771] sr 1:0:0:0: [sr0] scsi3-mmc drive: 32x/32x xa/form2 tray
[    6.174338] cdrom: Uniform CD-ROM driver Revision: 3.20
[    7.114349] sr 1:0:0:0: Attached scsi generic sg0 type 5
[    7.116941] Freeing unused kernel memory: 940K (c1b8d000 - c1c78000)
[    7.175427] Write protecting the kernel text: 7912k
[    7.176958] Write protecting the kernel read-only data: 3144k
[    7.178350] NX-protecting the kernel data: 6424k
Loading, please wait...
starting version 229
[    7.230839] random: systemd-udevd: uninitialized urandom read (16 bytes read, 2 bits of entropy available)
[    7.236004] random: udevadm: uninitialized urandom read (16 bytes read, 2 bits of entropy available)
[    7.236265] random: udevadm: uninitialized urandom read (16 bytes read, 2 bits of entropy available)
[    7.236463] random: udevadm: uninitialized urandom read (16 bytes read, 2 bits of entropy available)
[    7.236556] random: udevadm: uninitialized urandom read (16 bytes read, 2 bits of entropy available)
[    7.236624] random: udevadm: uninitialized urandom read (16 bytes read, 2 bits of entropy available)
[    7.236709] random: udevadm: uninitialized urandom read (16 bytes read, 2 bits of entropy available)
[    7.236802] random: udevadm: uninitialized urandom read (16 bytes read, 2 bits of entropy available)
[    7.236874] random: udevadm: uninitialized urandom read (16 bytes read, 2 bits of entropy available)
[    7.236943] random: udevadm: uninitialized urandom read (16 bytes read, 2 bits of entropy available)
[    7.335008] e1000: Intel(R) PRO/1000 Network Driver - version 7.3.21-k8-NAPI
[    7.341902] e1000: Copyright (c) 1999-2006 Intel Corporation.
[    7.346128] Fusion MPT base driver 3.04.20
[    7.356254] Copyright (c) 1999-2008 LSI Corporation
[    7.390646] Fusion MPT SPI Host driver 3.04.20
[    7.610191] input: ImExPS/2 Generic Explorer Mouse as /devices/platform/i8042/serio1/input/input4
[    7.819485] e1000 0000:00:03.0 eth0: (PCI:33MHz:32-bit) 02:d0:0c:b5:36:68
[    7.907505] e1000 0000:00:03.0 eth0: Intel(R) PRO/1000 Network Connection
[    7.911809] mptbase: ioc0: Initiating bringup
[    7.912771] e1000 0000:00:03.0 enp0s3: renamed from eth0
[    7.985043] ioc0: LSI53C1030 A0: Capabilities={Initiator}
[    8.218448] scsi host2: ioc0: LSI53C1030 A0, FwRev=00000000h, Ports=1, MaxQ=256, IRQ=20
[    8.337483] scsi 2:0:0:0: Direct-Access     VBOX     HARDDISK         1.0  PQ: 0 ANSI: 5
[    8.346701] scsi target2:0:0: Beginning Domain Validation
[    8.368292] scsi target2:0:0: Domain Validation skipping write tests
[    8.372756] scsi target2:0:0: Ending Domain Validation
[    8.379204] scsi target2:0:0: asynchronous
[    8.380659] scsi 2:0:1:0: Direct-Access     VBOX     HARDDISK         1.0  PQ: 0 ANSI: 5
[    8.382651] scsi target2:0:1: Beginning Domain Validation
[    8.384774] scsi target2:0:1: Domain Validation skipping write tests
[    8.386187] scsi target2:0:1: Ending Domain Validation
[    8.387435] scsi target2:0:1: asynchronous
[    8.401090] sd 2:0:0:0: Attached scsi generic sg1 type 0
[    8.403323] sd 2:0:1:0: Attached scsi generic sg2 type 0
[    8.404207] sd 2:0:0:0: [sda] 20971520 512-byte logical blocks: (10.7 GB/10.0 GiB)
[    8.407667] sd 2:0:1:0: [sdb] 20480 512-byte logical blocks: (10.5 MB/10.0 MiB)
[    8.410234] sd 2:0:1:0: [sdb] Write Protect is off
[    8.410277] sd 2:0:0:0: [sda] Write Protect is off
[    8.413531] sd 2:0:0:0: [sda] Incomplete mode parameter data
[    8.413627] sd 2:0:1:0: [sdb] Incomplete mode parameter data
[    8.413629] sd 2:0:1:0: [sdb] Assuming drive cache: write through
[    8.419954] sd 2:0:0:0: [sda] Assuming drive cache: write through
[    8.453241]  sda: sda1
[    8.454125] sd 2:0:1:0: [sdb] Attached SCSI disk
[    8.462438] sd 2:0:0:0: [sda] Attached SCSI disk
[   10.384930] floppy0: no floppy controllers found
Begin: Loading e[   11.954892] md: linear personality registered for level -1
ssential drivers ... [   12.085212] md: multipath personality registered for level -4
[   12.117217] md: raid0 personality registered for level 0
[   12.134383] md: raid1 personality registered for level 1
[   12.312089] raid6: mmxx1    gen()  3870 MB/s
[   12.380092] raid6: mmxx2    gen()  4765 MB/s
[   12.456039] raid6: sse1x1   gen()  3256 MB/s
[   12.524045] raid6: sse1x2   gen()  4116 MB/s
[   12.593052] raid6: sse2x1   gen()  6408 MB/s
[   12.660895] raid6: sse2x1   xor()  5115 MB/s
[   12.856035] raid6: sse2x2   gen()  8653 MB/s
[   13.028065] raid6: sse2x2   xor()  5669 MB/s
[   13.155536] raid6: using algorithm sse2x2 gen() 8653 MB/s
[   13.291849] raid6: .... xor() 5669 MB/s, rmw enabled
[   13.361232] raid6: using ssse3x1 recovery algorithm
[   13.474419] xor: measuring software checksum speed
[   13.516060]    pIII_sse  : 13176.000 MB/sec
[   13.572059]    prefetch64-sse: 14710.000 MB/sec
[   13.605635] xor: using function: prefetch64-sse (14710.000 MB/sec)
[   13.610746] async_tx: api initialized (async)
[   13.639248] md: raid6 personality registered for level 6
[   13.794437] md: raid5 personality registered for level 5
[   13.953621] md: raid4 personality registered for level 4
[   14.129290] md: raid10 personality registered for level 10
done.
Begin: Running /scripts/init-premount ... done.
Begin: Mounting root file system ... Begin: Running /scripts/local-top ... done.
Begin: Running[   14.227813] Btrfs loaded
 /scripts/local-premount ... Scanning for Btrfs filesystems
done.
Warning: fsck no[   14.435849] EXT4-fs (sda1): INFO: recovery required on readonly filesystem
t present, so skipping root file system
[   14.449559] EXT4-fs (sda1): write access will be enabled during recovery
[   14.607004] EXT4-fs (sda1): recovery complete
[   14.609833] EXT4-fs (sda1): mounted filesystem with ordered data mode. Opts: (null)
done.
Begin: Running /scripts/local-bottom ... done.
Begin: Running /scripts/init-bottom ... Warning: overlayroot: debug is busted
done.
[   15.230134] random: nonblocking pool is initialized
[   15.500370] systemd[1]: systemd 229 running in system mode. (+PAM +AUDIT +SELINUX +IMA +APPARMOR +SMACK +SYSVINIT +UTMP +LIBCRYPTSETUP +GCRYPT +GNUTLS +ACL +XZ -LZ4 +SECCOMP +BLKID +ELFUTILS +KMOD -IDN)
[   15.579622] systemd[1]: Detected virtualization oracle.
[   15.582018] systemd[1]: Detected architecture x86.

Welcome to [1mUbuntu 16.04.1 LTS[0m!

[  1.63797] systemd[1]: Set hostname to <ubuntu-xenial>.
[   16.743127] systemd[1]: Created slice System Slice.
[[0;32m  OK  [0m] Created slice System Slice.
[ 16295]syte[1 Ltengn LVM2 poll daemon socket.
[[0;32m  OK  [0m] Listening on LVM2 poll daemon socket.
[   17.812047] systemd[1]: Listening on Syslog Socket.
[[0;32m  OK  [0m] Listening on Syslog Socket.
[   17.818927] systemd[1]: Listening on /dev/initctl Compatibility Named Pipe.
[[0;32m  OK  [0m] Listening on /dev/initctl Compatibility Named Pipe.
[   17.822705] systemd[1]: Listening on udev Kernel Socket.
[[0;32m  OK  [0m] Listening on udev Kernel Socket.
[   17.825761] systemd[1]: Listening on udev Control Socket.
[[0;32m  OK  [0m] Listening on udev Control Socket.
[   17.836878] systemd[1]: Created slice User and Session Slice.
[[0;32m  OK  [0m] Created slice User and Session Slice.
[   17.846383] systemd[1]: Listening on Journal Audit Socket.
[[0;32m  OK  [0m] Listening on Journal Audit Socket.
[   7.269]systemd[1]: Reached target Swap.

[[0;32m  OK  [0m] Reached target Swap.
[   18.122680] systemd[1]: Reached target Encrypted Volumes.
[[0;32m  OK  [0m] Reached target Encrypted Volumes.
[   18.125409] systemd[1]: Created slice system-serial\x2dgetty.slice.
[[0;32m  OK  [0m] Created slice system-serial\x2dgetty.slice.
[   18.145613] systemd[1]: Started Forward Password Requests to Wall Directory Watch.
[[0;32m  OK  [0m] Started Forward Password Requests to Wall Directory Watch.
[   18.156338] systemd[1]: Listening on Device-mapper event daemon FIFOs.
[[0;32m  OK  [0m] Listening on Device-mapper event daemon FIFOs.
[   18.167078] systemd[1]: Reached target User and Group Name Lookups.
[[0;32m  OK  [0m] Reached target User and Group Name Lookups.
[   18.172865] systemd[1]: Reached target Slices.
[[0;32m  OK  [0m] Reached target Slices.
[   18.175259] systemd[1]: Listening on Journal Socket.
[[0;32m  OK  [0m] Listening on Journal Socket.
[   18.196493] systemd[1]: Starting Remount Root and Kernel File Systems...
         Starting Remount Root and Kernel File Systems...
[   18.209690] systemd[1]: Starting Uncomplicated firewall...
         Starting Uncomplicated firewall...
[   18.218356] systemd[1]: Starting Nameserver information manager...
         Starting Nameserver information manager...
[   18.231257] systemd[1]: Mounting Huge Pages File System...
         Mounting Huge Pages File System...
[   18.245887] systemd[1]: Mounting POSIX Message Queue File System...
         Mounting POSIX Message Queue File System...
[   18.257947] systemd[1]: Starting Create list of required static device nodes for the current kernel...
         Starting Create list of required st... nodes for the current kernel...
[   18.296870] systemd[1]: Mounting Debug File System...
         Mounting Debug File System...
[   18.321445] systemd[1]: Set up automount Arbitrary Executable File Formats File System Automount Point.
[[0;32m  OK  [0m] Set up automount Arbitrary Executab...ats File System Automount Point.
[ 18401387] systemd[1]: Listening on Journal Socket (/dev/log).

[[0;32m  OK  [0m] Listening on Journal Socket (/dev/log).
[   18.577143] systemd[1]: Starting Journal Service...
[   18.584018] EXT4-fs (sda1): re-mounted. Opts: (null)
         Starting Journal Service...
[   18.591509] systemd[1]: Listening on LVM2 metadata daemon socket.
[[0;32m  OK  [0m] Listening on LVM2 metadata daemon socket.
[   18.597782] systemd[1]: Starting Monitoring of LVM2 mirrors, snapshots etc. using dmeventd or progress polling...
         Starting Monitoring of LVM2 mirrors... dmeventd or progress polling...
[   18.676606] systemd[1]: Starting Load Kernel Modules...
         Starting Load Kernel Modules...
[   18.783517] systemd[1]: Starting Set console keymap...
         Starting Set console keymap...
[   18.798777] systemd[1]: Mounted Debug File System.
[[0;32m  OK  [0m] Mounted Debug File System.
[   18.820428] systemd[1]: Mounted POSIX Message Queue File System.
[[0;32m  OK  [0m] Mounted POSIX Message Queue File System.
[   18.842917] systemd[1]: Mounted Huge Pages File System.
[[0;32m  OK  [0m] Mounted Huge Pages File System.
[   18.846219] systemd[1]: Started Remount Root and Kernel File Systems.
[[0;32m  OK  [0m] Started Remount Root and Kernel File Systems.
[   18.851999] systemd[1]: Started Uncomplicated firewall.
[[0;32m  OK  [0m] Started Uncomplicated firewall.
[   18.865270] systemd[1]: Started Create list of required static device nodes for the current kernel.
[[0;32m  OK  [0m] Started Create list of required sta...ce nodes for the current kernel.
[   18.942974] Loading iSCSI transport class v2.0-870.
[   18.985340] systemd[1]: Starting Create Static Device Nodes in /dev...
         Starting Create Static Device Nodes in /dev...
[   19.093231] systemd[1]: Starting udev Coldplug all Devices...
         Starting udev Coldplug all Devices...
[   19.110516] systemd[1]: Starting Load/Save Random Seed...
         Starting Load/Save Random Seed...
[   19.119695] systemd[1]: Started Nameserver information manager.
[[0;32m  OK  [0m] Started Nameserver information manager.
[   19.218434] iscsi: registered transport (tcp)
[   19.295816] systemd[1]: Started Journal Service.
[[0;32m  OK  [0m] Started Journal Service.
         Starting Flush Journal to Persistent Storage...
[[0;32m  OK  [0m] Started Set console keymap.
[[0;32m  OK  [0m] Started udev Coldplug all Devices.
[[0;32m  OK  [0m] Started LVM2 metadata daemon.
[[0;32m  OK  [0m] Started Load/Save Random Seed.
[   19.508649] systemd-journald[409]: Received request to flush runtime journal from PID 1
[[0;32m  OK  [0m] Started Flush Journal to Persistent Storage.
[   19.634529] iscsi: registered transport (iser)
[[0;32m  OK  [0m] Started Load Kernel Modules.
         Mounting FUSE Control File System...
         Starting Apply Kernel Variables...
[[0;32m  OK  [0m] Mounted FUSE Control File System.
[[0;32m  OK  [0m] Started Create Static Device Nodes in /dev.
         Starting udev Kernel Device Manager...
[[0;32m  OK  [0m] Started Apply Kernel Variables.
[[0;32m  OK  [0m] Started Monitoring of LVM2 mirrors,...ng dmeventd or progress polling.
[[0;32m  OK  [0m] Started udev Kernel Device Manager.
[[0;32m  OK  [0m] Started Dispatch Password Requests to Console Directory Watch.
[[0;32m  OK  [0m] Reached target Local File Systems (Pre).
[[0;32m  OK  [0m] Reached target Local File Systems.
         Starting Set console font and keymap...
         Starting Run snappy firstboot setup...
         Starting Tell Plymouth To Write Out Runtime Data...
         Starting LSB: AppArmor initialization...
         Starting Create Volatile Files and Directories...
         Starting Initial cloud-init job (pre-networking)...
[[0;32m  OK  [0m] Started Create Volatile Files and Directories.
         Starting Update UTMP about System Boot/Shutdown...
[[0;32m  OK  [0m] Reached target System Time Synchronized.
[[0;32m  OK  [0m] Started Tell Plymouth To Write Out Runtime Data.
[[0;32m  OK  [0m] Found device /dev/ttyS0.
[[0;32m  OK  [0m] Started Update UTMP about System Boot/Shutdown.
[[0;32m  OK  [0m] Listening on Load/Save RF Kill Switch Status /dev/rfkill Watch.
[[0;32m  OK  [0m] Found device 82540EM Gigabit Ethern...r (PRO/1000 MT Desktop Adapter).
[[0;32m  OK  [0m] Started Set console font and keymap.
[[0;32m  OK  [0m] Created slice system-getty.slice.
[[0;32m  OK  [0m] Started Run snappy firstboot setup.
[[0;32m  OK  [0m] Started LSB: AppArmor initialization.
[[0;32m  OK  [0m] Reached target System Initialization.
         Starting Socket activation for snappy daemon.
[[0;32m  OK  [0m] Started Daily Cleanup of Temporary Directories.
[[0;32m  OK  [0m] Listening on ACPID Listen Socket.
[[0;32m  OK  [0m] Started Timer to automatically refresh installed snaps.
         Starting LXD - unix socket.
[[0;32m  OK  [0m] Listening on D-Bus System Message Bus Socket.
[[0;32m  OK  [0m] Started ACPI Events Check.
[[0;32m  OK  [0m] Listening on UUID daemon activation socket.
[[0;32m  OK  [0m] Started Daily apt activities.
[[0;32m  OK  [0m] Reached target Timers.
[[0;32m  OK  [0m] Started Trigger resolvconf update for networkd DNS.
[[0;32m  OK  [0m] Reached target Paths.
[[0;32m  OK  [0m] Listening on Socket activation for snappy daemon.
[[0;32m  OK  [0m] Listening on LXD - unix socket.
[[0;32m  OK  [0m] Reached target Sockets.
[[0;32m  OK  [0m] Reached target Basic System.
[[0;32m  OK  [0m] Started FUSE filesystem for LXC.
[[0;32m  OK  [0m] Started D-Bus System Message Bus.
         Starting Login Service...
         Starting LSB: MD monitoring daemon...
         Starting Daily apt activities...
[[0;32m  OK  [0m] Started Deferred execution scheduler.
[[0;32m  OK  [0m] Started Regular background program processing daemon.
         Starting Accounts Service...
         Starting System Logging Service...
         Starting LXD - container startup/shutdown...
[[0;32m  OK  [0m] Started ACPI event daemon.
         Starting LSB: Record successful boot for GRUB...
[[0;32m  OK  [0m] Started Snappy daemon.
[[0;32m  OK  [0m] Started Login Service.
[[0;32m  OK  [0m] Started LSB: Record successful boot for GRUB.
[[0;32m  OK  [0m] Started LSB: MD monitoring daemon.
[[0;32m  OK  [0m] Started System Logging Service.
[[0;32m  OK  [0m] Started LXD - container startup/shutdown.
         Starting Authenticate and Authorize Users to Run Privileged Tasks...
[[0;32m  OK  [0m] Started Authenticate and Authorize Users to Run Privileged Tasks.
[[0;32m  OK  [0m] Started Accounts Service.
[   34.608990] cloud-init[525]: Cloud-init v. 0.7.8 running 'init-local' at Sat, 10 Dec 2016 15:49:23 +0000. Up 32.85 seconds.
[[0;32m  OK  [0m] Started Initial cloud-init job (pre-networking).
[[0;32m  OK  [0m] Reached target Network (Pre).
         Starting Raise network interfaces...
[[0;32m  OK  [0m] Started ifup for enp0s3.
[[0;32m  OK  [0m] Started Raise network interfaces.
         Starting Initial cloud-init job (metadata service crawler)...
[[0;32m  OK  [0m] Reached target Network.
[   36.916837] cloud-init[1089]: Cloud-init v. 0.7.8 running 'init' at Sat, 10 Dec 2016 15:49:26 +0000. Up 35.99 seconds.
[   36.949757] cloud-init[1089]: ci-info: +++++++++++++++++++++++++++++++++++++Net device info+++++++++++++++++++++++++++++++++++++
[   36.955395] cloud-init[1089]: ci-info: +--------+------+---------------------------+---------------+-------+-------------------+
[   36.962836] cloud-init[1089]: ci-info: | Device |  Up  |          Address          |      Mask     | Scope |     Hw-Address    |
[[0;32m  OK  [0m] Started Initial cloud-init job (metadata service crawler).
[[0;32m  OK  [0m] [   36.969853] cloud-init[1089]: ci-info: +--------+------+---------------------------+---------------+-------+-------------------+
[   36.976946] cloud-init[1089]: ci-info: | enp0s3 | True |         10.0.2.15         | 255.255.255.0 |   .   | 02:d0:0c:b5:36:68 |
[   36.977127] cloud-init[1089]: ci-info: | enp0s3 | True | fe80::d0:cff:feb5:3668/64 |       .       |  link | 02:d0:0c:b5:36:68 |
[   36.977285] cloud-init[1089]: ci-info: |   lo   | True |         127.0.0.1         |   255.0.0.0   |   .   |         .         |
[   36.977453] cloud-init[1089]: ci-info: |   lo   | True |          ::1/128          |       .       |  host |         .         |
[   36.977630] cloud-init[1089]: ci-info: +--------+------+---------------------------+---------------+-------+-------------------+
Reached target Cloud-config availability.
[[0;32m  OK  [0m] Reached target Network is Online.
[   36.987340] cloud-init[1089]: ci-info: +++++++++++++++++++++++++++Route IPv4 info++++++++++++++++++++++++++++
[   36.996704] cloud-init[1089]: ci-info: +-------+-------------+----------+---------------+-----------+-------+
[   36.999829] cloud-init[1089]: ci-info: | Route | Destination | Gateway  |    Genmask    | Interface | Flags |
[   37.007271] cloud-init[1089]: ci-info: +-------+-------------+----------+---------------+-----------+-------+
[   37.007545] cloud-init[1089]: ci-info: |   0   |   0.0.0.0   | 10.0.2.2 |    0.0.0.0    |   enp0s3  |   UG  |
         Starting /etc/rc.local Compatibility...
         Starting iSCSI initiator daemon (iscsid)...
[   37.007784] cloud-init[1089]: ci-info: |   1   |   10.0.2.0  | 0.0.0.0  | 255.255.255.0 |   enp0s3  |   U   |
[   37.023761] cloud-init[1089]: ci-info: +-------+-------------+----------+---------------+-----------+-------+
         Starting OpenBSD Secure Shell server...
         Starting Apply the settings specified in cloud-config...
[[0;32m  OK  [0m] Started /etc/rc.local Compatibility.
[[0;32m  OK  [0m] Started iSCSI initiator daemon (iscsid).
         Starting Login to default iSCSI targets...
[[0;32m  OK  [0m] Started OpenBSD Secure Shell server.
[[0;32m  OK  [0m] Started Login to default iSCSI targets.
[[0;32m  OK  [0m] Reached target Remote File Systems (Pre).
[[0;32m  OK  [0m] Reached target Remote File Systems.
         Starting LSB: daemon to balance interrupts for SMP systems...
         Starting Permit User Sessions...
         Starting LSB: Set the CPU Frequency Scaling governor to "ondemand"...
         Starting LSB: automatic crash report generation...
         Starting LSB: VirtualBox Linux Additions...
[[0;32m  OK  [0m] Started Permit User Sessions.
         Starting Hold until boot process finishes up...
         Starting Terminate Plymouth Boot Screen...
[[0;32m  OK  [0m] Started LSB: daemon to balance interrupts for SMP systems.
[[0;32m  OK  [0m] Started LSB: Set the CPU Frequency Scaling governor to "ondemand".
[[0;32m  OK  [0m] Started Hold until boot process finishes up.
[[0;32m  OK  [0m] Started Terminate Plymouth Boot Screen.
         Starting Set console scheme...
[[0;32m  OK  [0m] Started Serial Getty on ttyS0.
[[0;32m  OK  [0m] Started Getty on tty1.
[[0;32m  OK  [0m] Reached target Login Prompts.
[[0;32m  OK  [0m] Started LSB: automatic crash report generation.
[[0;32m  OK  [0m] Started Set console scheme.
[[0;32m  OK  [0m] Started LSB: VirtualBox Linux Additions.
[[0;32m  OK  [0m] Reached target Multi-User System.
         Starting Notify bootloader that boot was successful...
[[0;32m  OK  [0m] Reached target Graphical Interface.
         Starting Update UTMP about System Runlevel Changes...
[[0;32m  OK  [0m] Started Notify bootloader that boot was successful.[   38.106873] cloud-init[1153]: Cloud-init v. 0.7.8 running 'modules:config' at Sat, 10 Dec 2016 15:49:28 +0000. Up 37.75 seconds.

[[0;32m  OK  [0m] Started Update UTMP about System Runlevel Changes.
[[0;32m  OK  [0m] Started Apply the settings specified in cloud-config.
         Starting Execute cloud user/final scripts...
[   38.993817] cloud-init[1266]: Cloud-init v. 0.7.8 running 'modules:final' at Sat, 10 Dec 2016 15:49:29 +0000. Up 38.78 seconds.
[   38.999224] cloud-init[1266]: Cloud-init v. 0.7.8 finished at Sat, 10 Dec 2016 15:49:29 +0000. Datasource DataSourceNoCloud [seed=/dev/sdb][dsmode=net].  Up 38.97 seconds
[[0;32m  OK  [0m] Started Execute cloud user/final scripts.
[[0;32m  OK  [0m] Reached target Cloud-init target.
[[0;32m  OK  [0m] Started Daily apt activities.

Ubuntu 16.04.1 LTS ubuntu-xenial ttyS0

ubuntu-xenial login: 